/Users/pyt/Downloads/1CP25-754 2/venv/lib/python3.9/site-packages/urllib3/__init__.py:35: NotOpenSSLWarning: urllib3 v2 only supports OpenSSL 1.1.1+, currently the 'ssl' module is compiled with 'LibreSSL 2.8.3'. See: https://github.com/urllib3/urllib3/issues/3020
  warnings.warn(
/Users/pyt/Downloads/1CP25-754 2/venv/lib/python3.9/site-packages/sklearn/base.py:380: InconsistentVersionWarning: Trying to unpickle estimator DecisionTreeClassifier from version 1.8.0 when using version 1.6.1. This might lead to breaking code or invalid results. Use at your own risk. For more info please refer to:
https://scikit-learn.org/stable/model_persistence.html#security-maintainability-limitations
  warnings.warn(
/Users/pyt/Downloads/1CP25-754 2/venv/lib/python3.9/site-packages/sklearn/base.py:380: InconsistentVersionWarning: Trying to unpickle estimator RandomForestClassifier from version 1.8.0 when using version 1.6.1. This might lead to breaking code or invalid results. Use at your own risk. For more info please refer to:
https://scikit-learn.org/stable/model_persistence.html#security-maintainability-limitations
  warnings.warn(
/Users/pyt/Downloads/1CP25-754 2/venv/lib/python3.9/site-packages/sklearn/base.py:380: InconsistentVersionWarning: Trying to unpickle estimator LabelEncoder from version 1.8.0 when using version 1.6.1. This might lead to breaking code or invalid results. Use at your own risk. For more info please refer to:
https://scikit-learn.org/stable/model_persistence.html#security-maintainability-limitations
  warnings.warn(
/Users/pyt/Downloads/1CP25-754 2/venv/lib/python3.9/site-packages/xgboost/core.py:158: UserWarning: [15:52:13] WARNING: /Users/runner/work/xgboost/xgboost/src/gbm/../common/error_msg.h:80: If you are loading a serialized model (like pickle in Python, RDS in R) or
configuration generated by an older version of XGBoost, please export the model by calling
`Booster.save_model` from that version first, then load it back in current version. See:

    https://xgboost.readthedocs.io/en/stable/tutorials/saving_model.html

for more details about differences between saving model and serializing.

  warnings.warn(smsg, UserWarning)
/Users/pyt/Downloads/1CP25-754 2/venv/lib/python3.9/site-packages/sklearn/base.py:380: InconsistentVersionWarning: Trying to unpickle estimator VotingClassifier from version 1.8.0 when using version 1.6.1. This might lead to breaking code or invalid results. Use at your own risk. For more info please refer to:
https://scikit-learn.org/stable/model_persistence.html#security-maintainability-limitations
  warnings.warn(
/Users/pyt/Downloads/1CP25-754 2/venv/lib/python3.9/site-packages/sklearn/base.py:380: InconsistentVersionWarning: Trying to unpickle estimator DecisionTreeClassifier from version 1.8.0 when using version 1.6.1. This might lead to breaking code or invalid results. Use at your own risk. For more info please refer to:
https://scikit-learn.org/stable/model_persistence.html#security-maintainability-limitations
  warnings.warn(
/Users/pyt/Downloads/1CP25-754 2/venv/lib/python3.9/site-packages/sklearn/base.py:380: InconsistentVersionWarning: Trying to unpickle estimator RandomForestClassifier from version 1.8.0 when using version 1.6.1. This might lead to breaking code or invalid results. Use at your own risk. For more info please refer to:
https://scikit-learn.org/stable/model_persistence.html#security-maintainability-limitations
  warnings.warn(
/Users/pyt/Downloads/1CP25-754 2/venv/lib/python3.9/site-packages/sklearn/base.py:380: InconsistentVersionWarning: Trying to unpickle estimator LabelEncoder from version 1.8.0 when using version 1.6.1. This might lead to breaking code or invalid results. Use at your own risk. For more info please refer to:
https://scikit-learn.org/stable/model_persistence.html#security-maintainability-limitations
  warnings.warn(
/Users/pyt/Downloads/1CP25-754 2/venv/lib/python3.9/site-packages/sklearn/base.py:380: InconsistentVersionWarning: Trying to unpickle estimator VotingClassifier from version 1.8.0 when using version 1.6.1. This might lead to breaking code or invalid results. Use at your own risk. For more info please refer to:
https://scikit-learn.org/stable/model_persistence.html#security-maintainability-limitations
  warnings.warn(
/Users/pyt/Downloads/1CP25-754 2/venv/lib/python3.9/site-packages/sklearn/utils/validation.py:2739: UserWarning: X does not have valid feature names, but RandomForestClassifier was fitted with feature names
  warnings.warn(
/Users/pyt/Downloads/1CP25-754 2/venv/lib/python3.9/site-packages/sklearn/utils/validation.py:2739: UserWarning: X does not have valid feature names, but RandomForestClassifier was fitted with feature names
  warnings.warn(
/Users/pyt/Downloads/1CP25-754 2/venv/lib/python3.9/site-packages/sklearn/utils/validation.py:2739: UserWarning: X does not have valid feature names, but RandomForestClassifier was fitted with feature names
  warnings.warn(
/Users/pyt/Downloads/1CP25-754 2/venv/lib/python3.9/site-packages/sklearn/utils/validation.py:2739: UserWarning: X does not have valid feature names, but RandomForestClassifier was fitted with feature names
  warnings.warn(
/Users/pyt/Downloads/1CP25-754 2/venv/lib/python3.9/site-packages/sklearn/utils/validation.py:2739: UserWarning: X does not have valid feature names, but RandomForestClassifier was fitted with feature names
  warnings.warn(
/Users/pyt/Downloads/1CP25-754 2/venv/lib/python3.9/site-packages/sklearn/utils/validation.py:2739: UserWarning: X does not have valid feature names, but RandomForestClassifier was fitted with feature names
  warnings.warn(
[ML] Initializing ML Service...
[ML] Attempting to load model...
[ML] Loading model from: /Users/pyt/Downloads/1CP25-754 2/ml_models/disease_predictor.joblib
[ML] Model loaded successfully!
[ML] Attempting to load features...
[ML] Loading features from: /Users/pyt/Downloads/1CP25-754 2/data/Train.csv
[ML] Loaded 132 features
[ML] Initialization complete. Model loaded: True, Features loaded: True
✅ ML MODEL LOADED SUCCESSFULLY

==================================================
ML MODEL DIAGNOSTICS
==================================================

✅ Model Loaded: True
📊 Number of Features: 132
🏥 Number of Diseases: 41

📋 Sample Features (first 10):
  1. itching
  2. skin_rash
  3. nodal_skin_eruptions
  4. continuous_sneezing
  5. shivering
  6. chills
  7. joint_pain
  8. stomach_pain
  9. acidity
  10. ulcers_on_tongue

🏥 Sample Diseases (first 10):
  1. (vertigo) Paroymsal  Positional Vertigo
  2. AIDS
  3. Acne
  4. Alcoholic hepatitis
  5. Allergy
  6. Arthritis
  7. Bronchial Asthma
  8. Cervical spondylosis
  9. Chicken pox
  10. Chronic cholestasis

🔍 Testing predictions...

Test 1: ['fever', 'cough', 'headache']
  Prediction: Paralysis (brain hemorrhage)
  Confidence: 9.7%
  Risk Level: low

Test 2: ['nausea', 'diarrhea']
  Prediction: (vertigo) Paroymsal  Positional Vertigo
  Confidence: 6.2%
  Risk Level: low

Test 3: ['shortness_of_breath', 'chest_pain']
  Prediction: Heart attack
  Confidence: 9.2%
  Risk Level: low

==================================================
END DIAGNOSTICS
==================================================

 
 -------------- celery@PYTs-MacBook-Pro.local v5.6.2 (recovery)
--- ***** ----- 
-- ******* ---- macOS-15.6.1-arm64-arm-64bit 2026-03-01 15:52:13
- *** --- * --- 
- ** ---------- [config]
- ** ---------- .> app:         medical_assistant:0x1073a5d90
- ** ---------- .> transport:   redis://localhost:6379/0
- ** ---------- .> results:     redis://localhost:6379/0
- *** --- * --- .> concurrency: 8 (prefork)
-- ******* ---- .> task events: OFF (enable -E to monitor tasks in this worker)
--- ***** ----- 
 -------------- [queues]
                .> celery           exchange=celery(direct) key=celery
                

[tasks]
  . emr.tasks.process_mri_ai
  . emr.tasks.process_xray_ai
  . medical_assistant.celery.debug_task

[2026-03-01 15:52:14,241: INFO/MainProcess] Connected to redis://localhost:6379/0
[2026-03-01 15:52:14,243: INFO/MainProcess] mingle: searching for neighbors
[2026-03-01 15:52:15,249: INFO/MainProcess] mingle: all alone
[2026-03-01 15:52:15,257: INFO/MainProcess] celery@PYTs-MacBook-Pro.local ready.
[2026-03-01 15:52:15,260: INFO/MainProcess] Task emr.tasks.process_xray_ai[a7b441ad-ed9d-44e2-90cf-8ea6a2b6a888] received
[2026-03-01 15:52:17,385: INFO/ForkPoolWorker-8] Starting fracture prediction for: /Users/pyt/Downloads/1CP25-754 2/media/temp_raw/raw_d4892463-bc35-43a1-844d-509e999f8717_xray.jpeg
[2026-03-01 15:52:17,385: INFO/ForkPoolWorker-8] Running YOLOv8 forward pass (CPU, non-threaded)...
[2026-03-01 15:52:17,386: ERROR/ForkPoolWorker-8] Fracture inference error: name 'model' is not defined
[2026-03-01 15:52:17,698: INFO/ForkPoolWorker-8] Task emr.tasks.process_xray_ai[a7b441ad-ed9d-44e2-90cf-8ea6a2b6a888] succeeded in 2.437459917s: 'Success: Processed Smart X-Ray d4892463-bc35-43a1-844d-509e999f8717'
/Users/pyt/Downloads/1CP25-754 2/venv/lib/python3.9/site-packages/urllib3/__init__.py:35: NotOpenSSLWarning: urllib3 v2 only supports OpenSSL 1.1.1+, currently the 'ssl' module is compiled with 'LibreSSL 2.8.3'. See: https://github.com/urllib3/urllib3/issues/3020
  warnings.warn(
/Users/pyt/Downloads/1CP25-754 2/venv/lib/python3.9/site-packages/sklearn/base.py:380: InconsistentVersionWarning: Trying to unpickle estimator DecisionTreeClassifier from version 1.8.0 when using version 1.6.1. This might lead to breaking code or invalid results. Use at your own risk. For more info please refer to:
https://scikit-learn.org/stable/model_persistence.html#security-maintainability-limitations
  warnings.warn(
/Users/pyt/Downloads/1CP25-754 2/venv/lib/python3.9/site-packages/sklearn/base.py:380: InconsistentVersionWarning: Trying to unpickle estimator RandomForestClassifier from version 1.8.0 when using version 1.6.1. This might lead to breaking code or invalid results. Use at your own risk. For more info please refer to:
https://scikit-learn.org/stable/model_persistence.html#security-maintainability-limitations
  warnings.warn(
/Users/pyt/Downloads/1CP25-754 2/venv/lib/python3.9/site-packages/sklearn/base.py:380: InconsistentVersionWarning: Trying to unpickle estimator LabelEncoder from version 1.8.0 when using version 1.6.1. This might lead to breaking code or invalid results. Use at your own risk. For more info please refer to:
https://scikit-learn.org/stable/model_persistence.html#security-maintainability-limitations
  warnings.warn(
/Users/pyt/Downloads/1CP25-754 2/venv/lib/python3.9/site-packages/xgboost/core.py:158: UserWarning: [15:55:48] WARNING: /Users/runner/work/xgboost/xgboost/src/gbm/../common/error_msg.h:80: If you are loading a serialized model (like pickle in Python, RDS in R) or
configuration generated by an older version of XGBoost, please export the model by calling
`Booster.save_model` from that version first, then load it back in current version. See:

    https://xgboost.readthedocs.io/en/stable/tutorials/saving_model.html

for more details about differences between saving model and serializing.

  warnings.warn(smsg, UserWarning)
/Users/pyt/Downloads/1CP25-754 2/venv/lib/python3.9/site-packages/sklearn/base.py:380: InconsistentVersionWarning: Trying to unpickle estimator VotingClassifier from version 1.8.0 when using version 1.6.1. This might lead to breaking code or invalid results. Use at your own risk. For more info please refer to:
https://scikit-learn.org/stable/model_persistence.html#security-maintainability-limitations
  warnings.warn(
/Users/pyt/Downloads/1CP25-754 2/venv/lib/python3.9/site-packages/sklearn/base.py:380: InconsistentVersionWarning: Trying to unpickle estimator DecisionTreeClassifier from version 1.8.0 when using version 1.6.1. This might lead to breaking code or invalid results. Use at your own risk. For more info please refer to:
https://scikit-learn.org/stable/model_persistence.html#security-maintainability-limitations
  warnings.warn(
/Users/pyt/Downloads/1CP25-754 2/venv/lib/python3.9/site-packages/sklearn/base.py:380: InconsistentVersionWarning: Trying to unpickle estimator RandomForestClassifier from version 1.8.0 when using version 1.6.1. This might lead to breaking code or invalid results. Use at your own risk. For more info please refer to:
https://scikit-learn.org/stable/model_persistence.html#security-maintainability-limitations
  warnings.warn(
/Users/pyt/Downloads/1CP25-754 2/venv/lib/python3.9/site-packages/sklearn/base.py:380: InconsistentVersionWarning: Trying to unpickle estimator LabelEncoder from version 1.8.0 when using version 1.6.1. This might lead to breaking code or invalid results. Use at your own risk. For more info please refer to:
https://scikit-learn.org/stable/model_persistence.html#security-maintainability-limitations
  warnings.warn(
/Users/pyt/Downloads/1CP25-754 2/venv/lib/python3.9/site-packages/sklearn/base.py:380: InconsistentVersionWarning: Trying to unpickle estimator VotingClassifier from version 1.8.0 when using version 1.6.1. This might lead to breaking code or invalid results. Use at your own risk. For more info please refer to:
https://scikit-learn.org/stable/model_persistence.html#security-maintainability-limitations
  warnings.warn(
/Users/pyt/Downloads/1CP25-754 2/venv/lib/python3.9/site-packages/sklearn/utils/validation.py:2739: UserWarning: X does not have valid feature names, but RandomForestClassifier was fitted with feature names
  warnings.warn(
/Users/pyt/Downloads/1CP25-754 2/venv/lib/python3.9/site-packages/sklearn/utils/validation.py:2739: UserWarning: X does not have valid feature names, but RandomForestClassifier was fitted with feature names
  warnings.warn(
/Users/pyt/Downloads/1CP25-754 2/venv/lib/python3.9/site-packages/sklearn/utils/validation.py:2739: UserWarning: X does not have valid feature names, but RandomForestClassifier was fitted with feature names
  warnings.warn(
/Users/pyt/Downloads/1CP25-754 2/venv/lib/python3.9/site-packages/sklearn/utils/validation.py:2739: UserWarning: X does not have valid feature names, but RandomForestClassifier was fitted with feature names
  warnings.warn(
/Users/pyt/Downloads/1CP25-754 2/venv/lib/python3.9/site-packages/sklearn/utils/validation.py:2739: UserWarning: X does not have valid feature names, but RandomForestClassifier was fitted with feature names
  warnings.warn(
/Users/pyt/Downloads/1CP25-754 2/venv/lib/python3.9/site-packages/sklearn/utils/validation.py:2739: UserWarning: X does not have valid feature names, but RandomForestClassifier was fitted with feature names
  warnings.warn(
[ML] Initializing ML Service...
[ML] Attempting to load model...
[ML] Loading model from: /Users/pyt/Downloads/1CP25-754 2/ml_models/disease_predictor.joblib
[ML] Model loaded successfully!
[ML] Attempting to load features...
[ML] Loading features from: /Users/pyt/Downloads/1CP25-754 2/data/Train.csv
[ML] Loaded 132 features
[ML] Initialization complete. Model loaded: True, Features loaded: True
✅ ML MODEL LOADED SUCCESSFULLY

==================================================
ML MODEL DIAGNOSTICS
==================================================

✅ Model Loaded: True
📊 Number of Features: 132
🏥 Number of Diseases: 41

📋 Sample Features (first 10):
  1. itching
  2. skin_rash
  3. nodal_skin_eruptions
  4. continuous_sneezing
  5. shivering
  6. chills
  7. joint_pain
  8. stomach_pain
  9. acidity
  10. ulcers_on_tongue

🏥 Sample Diseases (first 10):
  1. (vertigo) Paroymsal  Positional Vertigo
  2. AIDS
  3. Acne
  4. Alcoholic hepatitis
  5. Allergy
  6. Arthritis
  7. Bronchial Asthma
  8. Cervical spondylosis
  9. Chicken pox
  10. Chronic cholestasis

🔍 Testing predictions...

Test 1: ['fever', 'cough', 'headache']
  Prediction: Paralysis (brain hemorrhage)
  Confidence: 9.7%
  Risk Level: low

Test 2: ['nausea', 'diarrhea']
  Prediction: (vertigo) Paroymsal  Positional Vertigo
  Confidence: 6.2%
  Risk Level: low

Test 3: ['shortness_of_breath', 'chest_pain']
  Prediction: Heart attack
  Confidence: 9.2%
  Risk Level: low

==================================================
END DIAGNOSTICS
==================================================

 
 -------------- celery@PYTs-MacBook-Pro.local v5.6.2 (recovery)
--- ***** ----- 
-- ******* ---- macOS-15.6.1-arm64-arm-64bit 2026-03-01 15:55:48
- *** --- * --- 
- ** ---------- [config]
- ** ---------- .> app:         medical_assistant:0x104711d90
- ** ---------- .> transport:   redis://localhost:6379/0
- ** ---------- .> results:     redis://localhost:6379/0
- *** --- * --- .> concurrency: 8 (prefork)
-- ******* ---- .> task events: OFF (enable -E to monitor tasks in this worker)
--- ***** ----- 
 -------------- [queues]
                .> celery           exchange=celery(direct) key=celery
                

[tasks]
  . emr.tasks.process_mri_ai
  . emr.tasks.process_xray_ai
  . medical_assistant.celery.debug_task

[2026-03-01 15:55:49,349: INFO/MainProcess] Connected to redis://localhost:6379/0
[2026-03-01 15:55:49,353: INFO/MainProcess] mingle: searching for neighbors
[2026-03-01 15:55:50,359: INFO/MainProcess] mingle: all alone
[2026-03-01 15:55:50,366: INFO/MainProcess] celery@PYTs-MacBook-Pro.local ready.
[2026-03-01 17:26:13,243: INFO/MainProcess] Connected to redis://localhost:6379/0
[2026-03-01 17:26:13,246: INFO/MainProcess] mingle: searching for neighbors
[2026-03-01 17:26:14,249: INFO/MainProcess] mingle: all alone
[2026-03-01 17:26:14,255: INFO/MainProcess] celery@PYTs-MacBook-Pro.local ready.
[2026-03-01 17:33:03,906: INFO/MainProcess] Task emr.tasks.process_xray_ai[6b566306-65ec-4c5b-a19e-3f0aae793c67] received
[2026-03-01 17:33:06,016: INFO/MainProcess] ✅ YOLOv8 Fracture Model Ready.
[2026-03-01 17:33:06,016: INFO/MainProcess] Starting fracture prediction for: /Users/pyt/Downloads/1CP25-754 2/media/temp_raw/raw_774e7201-1ebf-43bd-8dc5-b1be292309f4_hand.jpeg
[2026-03-01 17:33:06,016: INFO/MainProcess] Running YOLOv8 forward pass (CPU) with conf=0.01 and imgsz=1024...
[2026-03-01 17:35:50,979: INFO/MainProcess] Connected to redis://localhost:6379/0
[2026-03-01 17:35:50,980: INFO/MainProcess] mingle: searching for neighbors
[2026-03-01 17:35:51,984: INFO/MainProcess] mingle: all alone
[2026-03-01 17:35:51,991: INFO/MainProcess] celery@PYTs-MacBook-Pro.local ready.
[2026-03-01 17:37:25,701: INFO/MainProcess] Task emr.tasks.process_xray_ai[0e1fbd01-4e51-4d2f-9e28-6d2b4aca0c91] received
[2026-03-01 17:37:27,578: INFO/MainProcess] ✅ YOLOv8 Fracture Model Ready.
[2026-03-01 17:37:27,578: INFO/MainProcess] Starting fracture prediction for: /Users/pyt/Downloads/1CP25-754 2/media/temp_raw/raw_774e7201-1ebf-43bd-8dc5-b1be292309f4_hand.jpeg
[2026-03-01 17:37:27,578: INFO/MainProcess] Running YOLOv8 forward pass (CPU) with conf=0.05 and imgsz=640...
[2026-03-01 17:38:52,156: INFO/MainProcess] Connected to redis://localhost:6379/0
[2026-03-01 17:38:52,157: INFO/MainProcess] mingle: searching for neighbors
[2026-03-01 17:38:53,162: INFO/MainProcess] mingle: all alone
[2026-03-01 17:38:53,170: INFO/MainProcess] celery@PYTs-MacBook-Pro.local ready.
[2026-03-01 17:38:53,172: INFO/MainProcess] Task emr.tasks.process_xray_ai[e83cc065-e5f2-4c9e-9001-53f187d5c6a4] received
[2026-03-01 17:38:54,897: INFO/MainProcess] ✅ YOLOv8 Fracture Model Ready.
[2026-03-01 17:38:54,897: INFO/MainProcess] Starting fracture prediction for: /Users/pyt/Downloads/1CP25-754 2/media/temp_raw/raw_8079186f-0fa5-4c19-881f-51594881e460_hand.jpeg
[2026-03-01 17:38:54,897: INFO/MainProcess] Running YOLOv8 forward pass (CPU) with conf=0.05 and imgsz=640...
[2026-03-01 17:39:36,265: INFO/MainProcess] Connected to redis://localhost:6379/0
[2026-03-01 17:39:36,266: INFO/MainProcess] mingle: searching for neighbors
[2026-03-01 17:39:37,270: INFO/MainProcess] mingle: all alone
[2026-03-01 17:39:37,278: INFO/MainProcess] celery@PYTs-MacBook-Pro.local ready.
[2026-03-01 17:40:21,854: INFO/MainProcess] Connected to redis://localhost:6379/0
[2026-03-01 17:40:21,855: INFO/MainProcess] mingle: searching for neighbors
[2026-03-01 17:40:22,859: INFO/MainProcess] mingle: all alone
[2026-03-01 17:40:22,866: INFO/MainProcess] celery@PYTs-MacBook-Pro.local ready.
[2026-03-01 17:41:23,795: INFO/MainProcess] Connected to redis://localhost:6379/0
[2026-03-01 17:41:23,796: INFO/MainProcess] mingle: searching for neighbors
[2026-03-01 17:41:24,800: INFO/MainProcess] mingle: all alone
[2026-03-01 17:41:24,809: INFO/MainProcess] celery@PYTs-MacBook-Pro.local ready.
[2026-03-01 17:42:31,739: INFO/MainProcess] Connected to redis://localhost:6379/0
[2026-03-01 17:42:31,740: INFO/MainProcess] mingle: searching for neighbors
[2026-03-01 17:42:32,745: INFO/MainProcess] mingle: all alone
[2026-03-01 17:42:32,751: INFO/MainProcess] celery@PYTs-MacBook-Pro.local ready.
[2026-03-01 17:42:32,752: INFO/MainProcess] Task emr.tasks.process_xray_ai[abfa0e45-6e44-4902-a816-78ea6941a762] received
[2026-03-01 17:42:34,784: INFO/MainProcess] Running YOLOv8 forward pass via Subprocess (CLI)...
[2026-03-01 17:42:36,341: INFO/MainProcess] Generating fracture overlay for: /Users/pyt/Downloads/1CP25-754 2/media/temp_raw/raw_774e7201-1ebf-43bd-8dc5-b1be292309f4_hand.jpeg
[2026-03-01 17:42:36,381: INFO/MainProcess] ✅ YOLOv8 Fracture Model Ready.
[2026-03-01 17:42:36,381: INFO/MainProcess] Running YOLOv8 overlay plotting (CPU, single-thread)...
